{"total": {"lines":{"total":484,"covered":446,"skipped":0,"pct":92.14},"statements":{"total":521,"covered":474,"skipped":0,"pct":90.97},"functions":{"total":110,"covered":107,"skipped":0,"pct":97.27},"branches":{"total":298,"covered":252,"skipped":0,"pct":84.56},"branchesTrue":{"total":0,"covered":0,"skipped":0,"pct":100}}
,"D:\\Code\\Trae_Project\\gwk_ai\\interview\\功能实现\\4-文章上传\\article\\components\\editor\\upload-client.ts": {"lines":{"total":31,"covered":31,"skipped":0,"pct":100},"functions":{"total":9,"covered":9,"skipped":0,"pct":100},"statements":{"total":34,"covered":34,"skipped":0,"pct":100},"branches":{"total":17,"covered":14,"skipped":0,"pct":82.35}}
,"D:\\Code\\Trae_Project\\gwk_ai\\interview\\功能实现\\4-文章上传\\article\\lib\\domain\\article-content.ts": {"lines":{"total":76,"covered":74,"skipped":0,"pct":97.36},"functions":{"total":14,"covered":14,"skipped":0,"pct":100},"statements":{"total":84,"covered":80,"skipped":0,"pct":95.23},"branches":{"total":89,"covered":83,"skipped":0,"pct":93.25}}
,"D:\\Code\\Trae_Project\\gwk_ai\\interview\\功能实现\\4-文章上传\\article\\lib\\domain\\article-policy.ts": {"lines":{"total":30,"covered":30,"skipped":0,"pct":100},"functions":{"total":3,"covered":3,"skipped":0,"pct":100},"statements":{"total":32,"covered":31,"skipped":0,"pct":96.87},"branches":{"total":12,"covered":11,"skipped":0,"pct":91.66}}
,"D:\\Code\\Trae_Project\\gwk_ai\\interview\\功能实现\\4-文章上传\\article\\lib\\domain\\errors.ts": {"lines":{"total":3,"covered":3,"skipped":0,"pct":100},"functions":{"total":1,"covered":1,"skipped":0,"pct":100},"statements":{"total":3,"covered":3,"skipped":0,"pct":100},"branches":{"total":0,"covered":0,"skipped":0,"pct":100}}
,"D:\\Code\\Trae_Project\\gwk_ai\\interview\\功能实现\\4-文章上传\\article\\lib\\domain\\image-policy.ts": {"lines":{"total":18,"covered":18,"skipped":0,"pct":100},"functions":{"total":3,"covered":3,"skipped":0,"pct":100},"statements":{"total":19,"covered":19,"skipped":0,"pct":100},"branches":{"total":14,"covered":14,"skipped":0,"pct":100}}
,"D:\\Code\\Trae_Project\\gwk_ai\\interview\\功能实现\\4-文章上传\\article\\lib\\rich-text\\render.ts": {"lines":{"total":3,"covered":3,"skipped":0,"pct":100},"functions":{"total":2,"covered":2,"skipped":0,"pct":100},"statements":{"total":3,"covered":3,"skipped":0,"pct":100},"branches":{"total":0,"covered":0,"skipped":0,"pct":100}}
,"D:\\Code\\Trae_Project\\gwk_ai\\interview\\功能实现\\4-文章上传\\article\\lib\\server\\db\\article-repository.ts": {"lines":{"total":25,"covered":23,"skipped":0,"pct":92},"functions":{"total":8,"covered":8,"skipped":0,"pct":100},"statements":{"total":25,"covered":23,"skipped":0,"pct":92},"branches":{"total":12,"covered":10,"skipped":0,"pct":83.33}}
,"D:\\Code\\Trae_Project\\gwk_ai\\interview\\功能实现\\4-文章上传\\article\\lib\\server\\db\\asset-repository.ts": {"lines":{"total":73,"covered":68,"skipped":0,"pct":93.15},"functions":{"total":24,"covered":24,"skipped":0,"pct":100},"statements":{"total":80,"covered":74,"skipped":0,"pct":92.5},"branches":{"total":28,"covered":21,"skipped":0,"pct":75}}
,"D:\\Code\\Trae_Project\\gwk_ai\\interview\\功能实现\\4-文章上传\\article\\lib\\server\\db\\database.ts": {"lines":{"total":17,"covered":15,"skipped":0,"pct":88.23},"functions":{"total":3,"covered":3,"skipped":0,"pct":100},"statements":{"total":18,"covered":16,"skipped":0,"pct":88.88},"branches":{"total":6,"covered":4,"skipped":0,"pct":66.66}}
,"D:\\Code\\Trae_Project\\gwk_ai\\interview\\功能实现\\4-文章上传\\article\\lib\\server\\http\\article-handlers.ts": {"lines":{"total":38,"covered":23,"skipped":0,"pct":60.52},"functions":{"total":7,"covered":5,"skipped":0,"pct":71.42},"statements":{"total":38,"covered":23,"skipped":0,"pct":60.52},"branches":{"total":14,"covered":7,"skipped":0,"pct":50}}
,"D:\\Code\\Trae_Project\\gwk_ai\\interview\\功能实现\\4-文章上传\\article\\lib\\server\\http\\request-security.ts": {"lines":{"total":29,"covered":25,"skipped":0,"pct":86.2},"functions":{"total":4,"covered":4,"skipped":0,"pct":100},"statements":{"total":29,"covered":25,"skipped":0,"pct":86.2},"branches":{"total":18,"covered":15,"skipped":0,"pct":83.33}}
,"D:\\Code\\Trae_Project\\gwk_ai\\interview\\功能实现\\4-文章上传\\article\\lib\\server\\http\\responses.ts": {"lines":{"total":17,"covered":17,"skipped":0,"pct":100},"functions":{"total":4,"covered":4,"skipped":0,"pct":100},"statements":{"total":25,"covered":25,"skipped":0,"pct":100},"branches":{"total":26,"covered":26,"skipped":0,"pct":100}}
,"D:\\Code\\Trae_Project\\gwk_ai\\interview\\功能实现\\4-文章上传\\article\\lib\\server\\http\\upload-handlers.ts": {"lines":{"total":16,"covered":14,"skipped":0,"pct":87.5},"functions":{"total":4,"covered":4,"skipped":0,"pct":100},"statements":{"total":16,"covered":14,"skipped":0,"pct":87.5},"branches":{"total":4,"covered":4,"skipped":0,"pct":100}}
,"D:\\Code\\Trae_Project\\gwk_ai\\interview\\功能实现\\4-文章上传\\article\\lib\\server\\services\\article-service.ts": {"lines":{"total":43,"covered":39,"skipped":0,"pct":90.69},"functions":{"total":12,"covered":11,"skipped":0,"pct":91.66},"statements":{"total":45,"covered":39,"skipped":0,"pct":86.66},"branches":{"total":29,"covered":20,"skipped":0,"pct":68.96}}
,"D:\\Code\\Trae_Project\\gwk_ai\\interview\\功能实现\\4-文章上传\\article\\lib\\server\\services\\asset-cleanup-service.ts": {"lines":{"total":17,"covered":17,"skipped":0,"pct":100},"functions":{"total":4,"covered":4,"skipped":0,"pct":100},"statements":{"total":19,"covered":18,"skipped":0,"pct":94.73},"branches":{"total":5,"covered":3,"skipped":0,"pct":60}}
,"D:\\Code\\Trae_Project\\gwk_ai\\interview\\功能实现\\4-文章上传\\article\\lib\\server\\services\\upload-service.ts": {"lines":{"total":22,"covered":20,"skipped":0,"pct":90.9},"functions":{"total":3,"covered":3,"skipped":0,"pct":100},"statements":{"total":24,"covered":20,"skipped":0,"pct":83.33},"branches":{"total":10,"covered":6,"skipped":0,"pct":60}}
,"D:\\Code\\Trae_Project\\gwk_ai\\interview\\功能实现\\4-文章上传\\article\\lib\\server\\storage\\object-storage.ts": {"lines":{"total":0,"covered":0,"skipped":0,"pct":0},"functions":{"total":0,"covered":0,"skipped":0,"pct":0},"statements":{"total":0,"covered":0,"skipped":0,"pct":0},"branches":{"total":0,"covered":0,"skipped":0,"pct":0}}
,"D:\\Code\\Trae_Project\\gwk_ai\\interview\\功能实现\\4-文章上传\\article\\lib\\server\\storage\\oss-policy.ts": {"lines":{"total":18,"covered":18,"skipped":0,"pct":100},"functions":{"total":4,"covered":4,"skipped":0,"pct":100},"statements":{"total":19,"covered":19,"skipped":0,"pct":100},"branches":{"total":6,"covered":6,"skipped":0,"pct":100}}
,"D:\\Code\\Trae_Project\\gwk_ai\\interview\\功能实现\\4-文章上传\\article\\lib\\server\\storage\\upload-verification.ts": {"lines":{"total":8,"covered":8,"skipped":0,"pct":100},"functions":{"total":1,"covered":1,"skipped":0,"pct":100},"statements":{"total":8,"covered":8,"skipped":0,"pct":100},"branches":{"total":8,"covered":8,"skipped":0,"pct":100}}
}
